[2023-02-13 08:28:17] local.ERROR: file_put_contents(/home/akasidigipro/public_html/PNUD_Digitalisation/storage/framework/sessions/6VhKTwXOqvBh0t2g0ZeDFgfYwd1HL12jmo8Zi2iJ): Failed to open stream: No such file or directory {"exception":"[object] (ErrorException(code: 0): file_put_contents(/home/akasidigipro/public_html/PNUD_Digitalisation/storage/framework/sessions/6VhKTwXOqvBh0t2g0ZeDFgfYwd1HL12jmo8Zi2iJ): Failed to open stream: No such file or directory at C:\\Users\\HP\\Music\\PNUD_Digitalisation\\vendor\\laravel\\framework\\src\\Illuminate\\Filesystem\\Filesystem.php:187)
[stacktrace]
#0 [internal function]: Illuminate\\Foundation\\Bootstrap\\HandleExceptions->handleError(2, 'file_put_conten...', 'C:\\\\Users\\\\HP\\\\Mus...', 187)
#1 C:\\Users\\HP\\Music\\PNUD_Digitalisation\\vendor\\laravel\\framework\\src\\Illuminate\\Filesystem\\Filesystem.php(187): file_put_contents('/home/akasidigi...', 'a:2:{s:6:\"_toke...', 2)
#2 C:\\Users\\HP\\Music\\PNUD_Digitalisation\\vendor\\laravel\\framework\\src\\Illuminate\\Session\\FileSessionHandler.php(95): Illuminate\\Filesystem\\Filesystem->put('/home/akasidigi...', 'a:2:{s:6:\"_toke...', true)
#3 C:\\Users\\HP\\Music\\PNUD_Digitalisation\\vendor\\laravel\\framework\\src\\Illuminate\\Session\\Store.php(129): Illuminate\\Session\\FileSessionHandler->write('6VhKTwXOqvBh0t2...', 'a:2:{s:6:\"_toke...')
#4 C:\\Users\\HP\\Music\\PNUD_Digitalisation\\vendor\\laravel\\framework\\src\\Illuminate\\Session\\Middleware\\StartSession.php(236): Illuminate\\Session\\Store->save()
#5 C:\\Users\\HP\\Music\\PNUD_Digitalisation\\vendor\\laravel\\framework\\src\\Illuminate\\Session\\Middleware\\StartSession.php(130): Illuminate\\Session\\Middleware\\StartSession->saveSession(Object(Illuminate\\Http\\Request))
#6 C:\\Users\\HP\\Music\\PNUD_Digitalisation\\vendor\\laravel\\framework\\src\\Illuminate\\Session\\Middleware\\StartSession.php(64): Illuminate\\Session\\Middleware\\StartSession->handleStatefulRequest(Object(Illuminate\\Http\\Request), Object(Illuminate\\Session\\Store), Object(Closure))
#7 C:\\Users\\HP\\Music\\PNUD_Digitalisation\\vendor\\laravel\\framework\\src\\Illuminate\\Pipeline\\Pipeline.php(167): Illuminate\\Session\\Middleware\\StartSession->handle(Object(Illuminate\\Http\\Request), Object(Closure))
#8 C:\\Users\\HP\\Music\\PNUD_Digitalisation\\vendor\\laravel\\framework\\src\\Illuminate\\Cookie\\Middleware\\AddQueuedCookiesToResponse.php(37): Illuminate\\Pipeline\\Pipeline->Illuminate\\Pipeline\\{closure}(Object(Illuminate\\Http\\Request))
#9 C:\\Users\\HP\\Music\\PNUD_Digitalisation\\vendor\\laravel\\framework\\src\\Illuminate\\Pipeline\\Pipeline.php(167): Illuminate\\Cookie\\Middleware\\AddQueuedCookiesToResponse->handle(Object(Illuminate\\Http\\Request), Object(Closure))
#10 C:\\Users\\HP\\Music\\PNUD_Digitalisation\\vendor\\laravel\\framework\\src\\Illuminate\\Cookie\\Middleware\\EncryptCookies.php(67): Illuminate\\Pipeline\\Pipeline->Illuminate\\Pipeline\\{closure}(Object(Illuminate\\Http\\Request))
#11 C:\\Users\\HP\\Music\\PNUD_Digitalisation\\vendor\\laravel\\framework\\src\\Illuminate\\Pipeline\\Pipeline.php(167): Illuminate\\Cookie\\Middleware\\EncryptCookies->handle(Object(Illuminate\\Http\\Request), Object(Closure))
#12 C:\\Users\\HP\\Music\\PNUD_Digitalisation\\vendor\\laravel\\framework\\src\\Illuminate\\Pipeline\\Pipeline.php(103): Illuminate\\Pipeline\\Pipeline->Illuminate\\Pipeline\\{closure}(Object(Illuminate\\Http\\Request))
#13 C:\\Users\\HP\\Music\\PNUD_Digitalisation\\vendor\\laravel\\framework\\src\\Illuminate\\Routing\\Router.php(697): Illuminate\\Pipeline\\Pipeline->then(Object(Closure))
#14 C:\\Users\\HP\\Music\\PNUD_Digitalisation\\vendor\\laravel\\framework\\src\\Illuminate\\Routing\\Router.php(672): Illuminate\\Routing\\Router->runRouteWithinStack(Object(Illuminate\\Routing\\Route), Object(Illuminate\\Http\\Request))
#15 C:\\Users\\HP\\Music\\PNUD_Digitalisation\\vendor\\laravel\\framework\\src\\Illuminate\\Routing\\Router.php(636): Illuminate\\Routing\\Router->runRoute(Object(Illuminate\\Http\\Request), Object(Illuminate\\Routing\\Route))
#16 C:\\Users\\HP\\Music\\PNUD_Digitalisation\\vendor\\laravel\\framework\\src\\Illuminate\\Routing\\Router.php(625): Illuminate\\Routing\\Router->dispatchToRoute(Object(Illuminate\\Http\\Request))
#17 C:\\Users\\HP\\Music\\PNUD_Digitalisation\\vendor\\laravel\\framework\\src\\Illuminate\\Foundation\\Http\\Kernel.php(167): Illuminate\\Routing\\Router->dispatch(Object(Illuminate\\Http\\Request))
#18 C:\\Users\\HP\\Music\\PNUD_Digitalisation\\vendor\\laravel\\framework\\src\\Illuminate\\Pipeline\\Pipeline.php(128): Illuminate\\Foundation\\Http\\Kernel->Illuminate\\Foundation\\Http\\{closure}(Object(Illuminate\\Http\\Request))
#19 C:\\Users\\HP\\Music\\PNUD_Digitalisation\\vendor\\laravel\\framework\\src\\Illuminate\\Foundation\\Http\\Middleware\\TransformsRequest.php(21): Illuminate\\Pipeline\\Pipeline->Illuminate\\Pipeline\\{closure}(Object(Illuminate\\Http\\Request))
#20 C:\\Users\\HP\\Music\\PNUD_Digitalisation\\vendor\\laravel\\framework\\src\\Illuminate\\Foundation\\Http\\Middleware\\ConvertEmptyStringsToNull.php(31): Illuminate\\Foundation\\Http\\Middleware\\TransformsRequest->handle(Object(Illuminate\\Http\\Request), Object(Closure))
#21 C:\\Users\\HP\\Music\\PNUD_Digitalisation\\vendor\\laravel\\framework\\src\\Illuminate\\Pipeline\\Pipeline.php(167): Illuminate\\Foundation\\Http\\Middleware\\ConvertEmptyStringsToNull->handle(Object(Illuminate\\Http\\Request), Object(Closure))
#22 C:\\Users\\HP\\Music\\PNUD_Digitalisation\\vendor\\laravel\\framework\\src\\Illuminate\\Foundation\\Http\\Middleware\\TransformsRequest.php(21): Illuminate\\Pipeline\\Pipeline->Illuminate\\Pipeline\\{closure}(Object(Illuminate\\Http\\Request))
#23 C:\\Users\\HP\\Music\\PNUD_Digitalisation\\vendor\\laravel\\framework\\src\\Illuminate\\Foundation\\Http\\Middleware\\TrimStrings.php(40): Illuminate\\Foundation\\Http\\Middleware\\TransformsRequest->handle(Object(Illuminate\\Http\\Request), Object(Closure))
#24 C:\\Users\\HP\\Music\\PNUD_Digitalisation\\vendor\\laravel\\framework\\src\\Illuminate\\Pipeline\\Pipeline.php(167): Illuminate\\Foundation\\Http\\Middleware\\TrimStrings->handle(Object(Illuminate\\Http\\Request), Object(Closure))
#25 C:\\Users\\HP\\Music\\PNUD_Digitalisation\\vendor\\laravel\\framework\\src\\Illuminate\\Foundation\\Http\\Middleware\\ValidatePostSize.php(27): Illuminate\\Pipeline\\Pipeline->Illuminate\\Pipeline\\{closure}(Object(Illuminate\\Http\\Request))
#26 C:\\Users\\HP\\Music\\PNUD_Digitalisation\\vendor\\laravel\\framework\\src\\Illuminate\\Pipeline\\Pipeline.php(167): Illuminate\\Foundation\\Http\\Middleware\\ValidatePostSize->handle(Object(Illuminate\\Http\\Request), Object(Closure))
#27 C:\\Users\\HP\\Music\\PNUD_Digitalisation\\vendor\\laravel\\framework\\src\\Illuminate\\Foundation\\Http\\Middleware\\PreventRequestsDuringMaintenance.php(86): Illuminate\\Pipeline\\Pipeline->Illuminate\\Pipeline\\{closure}(Object(Illuminate\\Http\\Request))
#28 C:\\Users\\HP\\Music\\PNUD_Digitalisation\\vendor\\laravel\\framework\\src\\Illuminate\\Pipeline\\Pipeline.php(167): Illuminate\\Foundation\\Http\\Middleware\\PreventRequestsDuringMaintenance->handle(Object(Illuminate\\Http\\Request), Object(Closure))
#29 C:\\Users\\HP\\Music\\PNUD_Digitalisation\\vendor\\fruitcake\\laravel-cors\\src\\HandleCors.php(38): Illuminate\\Pipeline\\Pipeline->Illuminate\\Pipeline\\{closure}(Object(Illuminate\\Http\\Request))
#30 C:\\Users\\HP\\Music\\PNUD_Digitalisation\\vendor\\laravel\\framework\\src\\Illuminate\\Pipeline\\Pipeline.php(167): Fruitcake\\Cors\\HandleCors->handle(Object(Illuminate\\Http\\Request), Object(Closure))
#31 C:\\Users\\HP\\Music\\PNUD_Digitalisation\\vendor\\laravel\\framework\\src\\Illuminate\\Http\\Middleware\\TrustProxies.php(39): Illuminate\\Pipeline\\Pipeline->Illuminate\\Pipeline\\{closure}(Object(Illuminate\\Http\\Request))
#32 C:\\Users\\HP\\Music\\PNUD_Digitalisation\\vendor\\laravel\\framework\\src\\Illuminate\\Pipeline\\Pipeline.php(167): Illuminate\\Http\\Middleware\\TrustProxies->handle(Object(Illuminate\\Http\\Request), Object(Closure))
#33 C:\\Users\\HP\\Music\\PNUD_Digitalisation\\vendor\\laravel\\framework\\src\\Illuminate\\Pipeline\\Pipeline.php(103): Illuminate\\Pipeline\\Pipeline->Illuminate\\Pipeline\\{closure}(Object(Illuminate\\Http\\Request))
#34 C:\\Users\\HP\\Music\\PNUD_Digitalisation\\vendor\\laravel\\framework\\src\\Illuminate\\Foundation\\Http\\Kernel.php(142): Illuminate\\Pipeline\\Pipeline->then(Object(Closure))
#35 C:\\Users\\HP\\Music\\PNUD_Digitalisation\\vendor\\laravel\\framework\\src\\Illuminate\\Foundation\\Http\\Kernel.php(111): Illuminate\\Foundation\\Http\\Kernel->sendRequestThroughRouter(Object(Illuminate\\Http\\Request))
#36 C:\\Users\\HP\\Music\\PNUD_Digitalisation\\public\\index.php(52): Illuminate\\Foundation\\Http\\Kernel->handle(Object(Illuminate\\Http\\Request))
#37 C:\\Users\\HP\\Music\\PNUD_Digitalisation\\server.php(21): require_once('C:\\\\Users\\\\HP\\\\Mus...')
#38 {main}
"} 
[2023-02-13 08:28:17] local.ERROR: SQLSTATE[HY000] [1045] Access denied for user 'akasidig_local'@'localhost' (using password: YES) (SQL: select count(*) as aggregate from `telescope_entries` where `type` = exception and `family_hash` = a7cd2c1ee24d9f0230d27c85619380c1) {"exception":"[object] (Illuminate\\Database\\QueryException(code: 1045): SQLSTATE[HY000] [1045] Access denied for user 'akasidig_local'@'localhost' (using password: YES) (SQL: select count(*) as aggregate from `telescope_entries` where `type` = exception and `family_hash` = a7cd2c1ee24d9f0230d27c85619380c1) at C:\\Users\\HP\\Music\\PNUD_Digitalisation\\vendor\\laravel\\framework\\src\\Illuminate\\Database\\Connection.php:703)
[stacktrace]
#0 C:\\Users\\HP\\Music\\PNUD_Digitalisation\\vendor\\laravel\\framework\\src\\Illuminate\\Database\\Connection.php(663): Illuminate\\Database\\Connection->runQueryCallback('select count(*)...', Array, Object(Closure))
#1 C:\\Users\\HP\\Music\\PNUD_Digitalisation\\vendor\\laravel\\framework\\src\\Illuminate\\Database\\Connection.php(367): Illuminate\\Database\\Connection->run('select count(*)...', Array, Object(Closure))
#2 C:\\Users\\HP\\Music\\PNUD_Digitalisation\\vendor\\laravel\\framework\\src\\Illuminate\\Database\\Query\\Builder.php(2352): Illuminate\\Database\\Connection->select('select count(*)...', Array, true)
#3 C:\\Users\\HP\\Music\\PNUD_Digitalisation\\vendor\\laravel\\framework\\src\\Illuminate\\Database\\Query\\Builder.php(2340): Illuminate\\Database\\Query\\Builder->runSelect()
#4 C:\\Users\\HP\\Music\\PNUD_Digitalisation\\vendor\\laravel\\framework\\src\\Illuminate\\Database\\Query\\Builder.php(2874): Illuminate\\Database\\Query\\Builder->Illuminate\\Database\\Query\\{closure}()
#5 C:\\Users\\HP\\Music\\PNUD_Digitalisation\\vendor\\laravel\\framework\\src\\Illuminate\\Database\\Query\\Builder.php(2341): Illuminate\\Database\\Query\\Builder->onceWithColumns(Array, Object(Closure))
#6 C:\\Users\\HP\\Music\\PNUD_Digitalisation\\vendor\\laravel\\framework\\src\\Illuminate\\Database\\Query\\Builder.php(2801): Illuminate\\Database\\Query\\Builder->get(Array)
#7 C:\\Users\\HP\\Music\\PNUD_Digitalisation\\vendor\\laravel\\framework\\src\\Illuminate\\Database\\Query\\Builder.php(2729): Illuminate\\Database\\Query\\Builder->aggregate('count', Array)
#8 C:\\Users\\HP\\Music\\PNUD_Digitalisation\\vendor\\laravel\\telescope\\src\\Storage\\DatabaseEntriesRepository.php(122): Illuminate\\Database\\Query\\Builder->count()
#9 C:\\Users\\HP\\Music\\PNUD_Digitalisation\\vendor\\laravel\\telescope\\src\\Storage\\DatabaseEntriesRepository.php(164): Laravel\\Telescope\\Storage\\DatabaseEntriesRepository->countExceptionOccurences(Object(Laravel\\Telescope\\IncomingExceptionEntry))
#10 [internal function]: Laravel\\Telescope\\Storage\\DatabaseEntriesRepository->Laravel\\Telescope\\Storage\\{closure}(Object(Laravel\\Telescope\\IncomingExceptionEntry), 2)
#11 C:\\Users\\HP\\Music\\PNUD_Digitalisation\\vendor\\laravel\\framework\\src\\Illuminate\\Collections\\Collection.php(664): array_map(Object(Closure), Array, Array)
#12 C:\\Users\\HP\\Music\\PNUD_Digitalisation\\vendor\\laravel\\telescope\\src\\Storage\\DatabaseEntriesRepository.php(177): Illuminate\\Support\\Collection->map(Object(Closure))
#13 C:\\Users\\HP\\Music\\PNUD_Digitalisation\\vendor\\laravel\\framework\\src\\Illuminate\\Collections\\Traits\\EnumeratesValues.php(242): Laravel\\Telescope\\Storage\\DatabaseEntriesRepository->Laravel\\Telescope\\Storage\\{closure}(Object(Illuminate\\Support\\Collection), 0)
#14 C:\\Users\\HP\\Music\\PNUD_Digitalisation\\vendor\\laravel\\telescope\\src\\Storage\\DatabaseEntriesRepository.php(178): Illuminate\\Support\\Collection->each(Object(Closure))
#15 C:\\Users\\HP\\Music\\PNUD_Digitalisation\\vendor\\laravel\\telescope\\src\\Storage\\DatabaseEntriesRepository.php(139): Laravel\\Telescope\\Storage\\DatabaseEntriesRepository->storeExceptions(Object(Illuminate\\Support\\Collection))
#16 C:\\Users\\HP\\Music\\PNUD_Digitalisation\\vendor\\laravel\\telescope\\src\\Telescope.php(660): Laravel\\Telescope\\Storage\\DatabaseEntriesRepository->store(Object(Illuminate\\Support\\Collection))
#17 [internal function]: Laravel\\Telescope\\Telescope::Laravel\\Telescope\\{closure}()
#18 C:\\Users\\HP\\Music\\PNUD_Digitalisation\\vendor\\laravel\\telescope\\src\\Telescope.php(281): call_user_func(Object(Closure))
#19 C:\\Users\\HP\\Music\\PNUD_Digitalisation\\vendor\\laravel\\telescope\\src\\Telescope.php(671): Laravel\\Telescope\\Telescope::withoutRecording(Object(Closure))
#20 C:\\Users\\HP\\Music\\PNUD_Digitalisation\\vendor\\laravel\\telescope\\src\\ListensForStorageOpportunities.php(65): Laravel\\Telescope\\Telescope::store(Object(Laravel\\Telescope\\Storage\\DatabaseEntriesRepository))
#21 C:\\Users\\HP\\Music\\PNUD_Digitalisation\\vendor\\laravel\\framework\\src\\Illuminate\\Container\\BoundMethod.php(36): Laravel\\Telescope\\Telescope::Laravel\\Telescope\\{closure}()
#22 C:\\Users\\HP\\Music\\PNUD_Digitalisation\\vendor\\laravel\\framework\\src\\Illuminate\\Container\\Util.php(40): Illuminate\\Container\\BoundMethod::Illuminate\\Container\\{closure}()
#23 C:\\Users\\HP\\Music\\PNUD_Digitalisation\\vendor\\laravel\\framework\\src\\Illuminate\\Container\\BoundMethod.php(81): Illuminate\\Container\\Util::unwrapIfClosure(Object(Closure))
#24 C:\\Users\\HP\\Music\\PNUD_Digitalisation\\vendor\\laravel\\framework\\src\\Illuminate\\Container\\BoundMethod.php(37): Illuminate\\Container\\BoundMethod::callBoundMethod(Object(Illuminate\\Foundation\\Application), Object(Closure), Object(Closure))
#25 C:\\Users\\HP\\Music\\PNUD_Digitalisation\\vendor\\laravel\\framework\\src\\Illuminate\\Container\\Container.php(653): Illuminate\\Container\\BoundMethod::call(Object(Illuminate\\Foundation\\Application), Object(Closure), Array, NULL)
#26 C:\\Users\\HP\\Music\\PNUD_Digitalisation\\vendor\\laravel\\framework\\src\\Illuminate\\Foundation\\Application.php(1148): Illuminate\\Container\\Container->call(Object(Closure))
#27 C:\\Users\\HP\\Music\\PNUD_Digitalisation\\vendor\\laravel\\framework\\src\\Illuminate\\Foundation\\Http\\Kernel.php(182): Illuminate\\Foundation\\Application->terminate()
#28 C:\\Users\\HP\\Music\\PNUD_Digitalisation\\public\\index.php(55): Illuminate\\Foundation\\Http\\Kernel->terminate(Object(Illuminate\\Http\\Request), Object(Illuminate\\Http\\Response))
#29 C:\\Users\\HP\\Music\\PNUD_Digitalisation\\server.php(21): require_once('C:\\\\Users\\\\HP\\\\Mus...')
#30 {main}

[previous exception] [object] (PDOException(code: 1045): SQLSTATE[HY000] [1045] Access denied for user 'akasidig_local'@'localhost' (using password: YES) at C:\\Users\\HP\\Music\\PNUD_Digitalisation\\vendor\\laravel\\framework\\src\\Illuminate\\Database\\Connectors\\Connector.php:70)
[stacktrace]
#0 C:\\Users\\HP\\Music\\PNUD_Digitalisation\\vendor\\laravel\\framework\\src\\Illuminate\\Database\\Connectors\\Connector.php(70): PDO->__construct('mysql:host=127....', 'akasidig_local', 'Ah^7o(?xj4N2', Array)
#1 C:\\Users\\HP\\Music\\PNUD_Digitalisation\\vendor\\laravel\\framework\\src\\Illuminate\\Database\\Connectors\\Connector.php(46): Illuminate\\Database\\Connectors\\Connector->createPdoConnection('mysql:host=127....', 'akasidig_local', 'Ah^7o(?xj4N2', Array)
#2 C:\\Users\\HP\\Music\\PNUD_Digitalisation\\vendor\\laravel\\framework\\src\\Illuminate\\Database\\Connectors\\MySqlConnector.php(24): Illuminate\\Database\\Connectors\\Connector->createConnection('mysql:host=127....', Array, Array)
#3 C:\\Users\\HP\\Music\\PNUD_Digitalisation\\vendor\\laravel\\framework\\src\\Illuminate\\Database\\Connectors\\ConnectionFactory.php(184): Illuminate\\Database\\Connectors\\MySqlConnector->connect(Array)
#4 [internal function]: Illuminate\\Database\\Connectors\\ConnectionFactory->Illuminate\\Database\\Connectors\\{closure}()
#5 C:\\Users\\HP\\Music\\PNUD_Digitalisation\\vendor\\laravel\\framework\\src\\Illuminate\\Database\\Connection.php(1021): call_user_func(Object(Closure))
#6 C:\\Users\\HP\\Music\\PNUD_Digitalisation\\vendor\\laravel\\framework\\src\\Illuminate\\Database\\Connection.php(1057): Illuminate\\Database\\Connection->getPdo()
#7 C:\\Users\\HP\\Music\\PNUD_Digitalisation\\vendor\\laravel\\framework\\src\\Illuminate\\Database\\Connection.php(433): Illuminate\\Database\\Connection->getReadPdo()
#8 C:\\Users\\HP\\Music\\PNUD_Digitalisation\\vendor\\laravel\\framework\\src\\Illuminate\\Database\\Connection.php(359): Illuminate\\Database\\Connection->getPdoForSelect(true)
#9 C:\\Users\\HP\\Music\\PNUD_Digitalisation\\vendor\\laravel\\framework\\src\\Illuminate\\Database\\Connection.php(696): Illuminate\\Database\\Connection->Illuminate\\Database\\{closure}('select count(*)...', Array)
#10 C:\\Users\\HP\\Music\\PNUD_Digitalisation\\vendor\\laravel\\framework\\src\\Illuminate\\Database\\Connection.php(663): Illuminate\\Database\\Connection->runQueryCallback('select count(*)...', Array, Object(Closure))
#11 C:\\Users\\HP\\Music\\PNUD_Digitalisation\\vendor\\laravel\\framework\\src\\Illuminate\\Database\\Connection.php(367): Illuminate\\Database\\Connection->run('select count(*)...', Array, Object(Closure))
#12 C:\\Users\\HP\\Music\\PNUD_Digitalisation\\vendor\\laravel\\framework\\src\\Illuminate\\Database\\Query\\Builder.php(2352): Illuminate\\Database\\Connection->select('select count(*)...', Array, true)
#13 C:\\Users\\HP\\Music\\PNUD_Digitalisation\\vendor\\laravel\\framework\\src\\Illuminate\\Database\\Query\\Builder.php(2340): Illuminate\\Database\\Query\\Builder->runSelect()
#14 C:\\Users\\HP\\Music\\PNUD_Digitalisation\\vendor\\laravel\\framework\\src\\Illuminate\\Database\\Query\\Builder.php(2874): Illuminate\\Database\\Query\\Builder->Illuminate\\Database\\Query\\{closure}()
#15 C:\\Users\\HP\\Music\\PNUD_Digitalisation\\vendor\\laravel\\framework\\src\\Illuminate\\Database\\Query\\Builder.php(2341): Illuminate\\Database\\Query\\Builder->onceWithColumns(Array, Object(Closure))
#16 C:\\Users\\HP\\Music\\PNUD_Digitalisation\\vendor\\laravel\\framework\\src\\Illuminate\\Database\\Query\\Builder.php(2801): Illuminate\\Database\\Query\\Builder->get(Array)
#17 C:\\Users\\HP\\Music\\PNUD_Digitalisation\\vendor\\laravel\\framework\\src\\Illuminate\\Database\\Query\\Builder.php(2729): Illuminate\\Database\\Query\\Builder->aggregate('count', Array)
#18 C:\\Users\\HP\\Music\\PNUD_Digitalisation\\vendor\\laravel\\telescope\\src\\Storage\\DatabaseEntriesRepository.php(122): Illuminate\\Database\\Query\\Builder->count()
#19 C:\\Users\\HP\\Music\\PNUD_Digitalisation\\vendor\\laravel\\telescope\\src\\Storage\\DatabaseEntriesRepository.php(164): Laravel\\Telescope\\Storage\\DatabaseEntriesRepository->countExceptionOccurences(Object(Laravel\\Telescope\\IncomingExceptionEntry))
#20 [internal function]: Laravel\\Telescope\\Storage\\DatabaseEntriesRepository->Laravel\\Telescope\\Storage\\{closure}(Object(Laravel\\Telescope\\IncomingExceptionEntry), 2)
#21 C:\\Users\\HP\\Music\\PNUD_Digitalisation\\vendor\\laravel\\framework\\src\\Illuminate\\Collections\\Collection.php(664): array_map(Object(Closure), Array, Array)
#22 C:\\Users\\HP\\Music\\PNUD_Digitalisation\\vendor\\laravel\\telescope\\src\\Storage\\DatabaseEntriesRepository.php(177): Illuminate\\Support\\Collection->map(Object(Closure))
#23 C:\\Users\\HP\\Music\\PNUD_Digitalisation\\vendor\\laravel\\framework\\src\\Illuminate\\Collections\\Traits\\EnumeratesValues.php(242): Laravel\\Telescope\\Storage\\DatabaseEntriesRepository->Laravel\\Telescope\\Storage\\{closure}(Object(Illuminate\\Support\\Collection), 0)
#24 C:\\Users\\HP\\Music\\PNUD_Digitalisation\\vendor\\laravel\\telescope\\src\\Storage\\DatabaseEntriesRepository.php(178): Illuminate\\Support\\Collection->each(Object(Closure))
#25 C:\\Users\\HP\\Music\\PNUD_Digitalisation\\vendor\\laravel\\telescope\\src\\Storage\\DatabaseEntriesRepository.php(139): Laravel\\Telescope\\Storage\\DatabaseEntriesRepository->storeExceptions(Object(Illuminate\\Support\\Collection))
#26 C:\\Users\\HP\\Music\\PNUD_Digitalisation\\vendor\\laravel\\telescope\\src\\Telescope.php(660): Laravel\\Telescope\\Storage\\DatabaseEntriesRepository->store(Object(Illuminate\\Support\\Collection))
#27 [internal function]: Laravel\\Telescope\\Telescope::Laravel\\Telescope\\{closure}()
#28 C:\\Users\\HP\\Music\\PNUD_Digitalisation\\vendor\\laravel\\telescope\\src\\Telescope.php(281): call_user_func(Object(Closure))
#29 C:\\Users\\HP\\Music\\PNUD_Digitalisation\\vendor\\laravel\\telescope\\src\\Telescope.php(671): Laravel\\Telescope\\Telescope::withoutRecording(Object(Closure))
#30 C:\\Users\\HP\\Music\\PNUD_Digitalisation\\vendor\\laravel\\telescope\\src\\ListensForStorageOpportunities.php(65): Laravel\\Telescope\\Telescope::store(Object(Laravel\\Telescope\\Storage\\DatabaseEntriesRepository))
#31 C:\\Users\\HP\\Music\\PNUD_Digitalisation\\vendor\\laravel\\framework\\src\\Illuminate\\Container\\BoundMethod.php(36): Laravel\\Telescope\\Telescope::Laravel\\Telescope\\{closure}()
#32 C:\\Users\\HP\\Music\\PNUD_Digitalisation\\vendor\\laravel\\framework\\src\\Illuminate\\Container\\Util.php(40): Illuminate\\Container\\BoundMethod::Illuminate\\Container\\{closure}()
#33 C:\\Users\\HP\\Music\\PNUD_Digitalisation\\vendor\\laravel\\framework\\src\\Illuminate\\Container\\BoundMethod.php(81): Illuminate\\Container\\Util::unwrapIfClosure(Object(Closure))
#34 C:\\Users\\HP\\Music\\PNUD_Digitalisation\\vendor\\laravel\\framework\\src\\Illuminate\\Container\\BoundMethod.php(37): Illuminate\\Container\\BoundMethod::callBoundMethod(Object(Illuminate\\Foundation\\Application), Object(Closure), Object(Closure))
#35 C:\\Users\\HP\\Music\\PNUD_Digitalisation\\vendor\\laravel\\framework\\src\\Illuminate\\Container\\Container.php(653): Illuminate\\Container\\BoundMethod::call(Object(Illuminate\\Foundation\\Application), Object(Closure), Array, NULL)
#36 C:\\Users\\HP\\Music\\PNUD_Digitalisation\\vendor\\laravel\\framework\\src\\Illuminate\\Foundation\\Application.php(1148): Illuminate\\Container\\Container->call(Object(Closure))
#37 C:\\Users\\HP\\Music\\PNUD_Digitalisation\\vendor\\laravel\\framework\\src\\Illuminate\\Foundation\\Http\\Kernel.php(182): Illuminate\\Foundation\\Application->terminate()
#38 C:\\Users\\HP\\Music\\PNUD_Digitalisation\\public\\index.php(55): Illuminate\\Foundation\\Http\\Kernel->terminate(Object(Illuminate\\Http\\Request), Object(Illuminate\\Http\\Response))
#39 C:\\Users\\HP\\Music\\PNUD_Digitalisation\\server.php(21): require_once('C:\\\\Users\\\\HP\\\\Mus...')
#40 {main}
"} 
[2023-02-13 08:29:21] local.ERROR: SQLSTATE[HY000] [1045] Access denied for user 'akasidig_local'@'localhost' (using password: YES) (SQL: insert into `telescope_entries` (`batch_id`, `content`, `created_at`, `family_hash`, `type`, `uuid`) values (9874dd48-e440-4d82-b874-8218aa63023d, {"name":"cache:clearing","payload":[null,[]],"listeners":[],"broadcast":false,"hostname":"DESKTOP-EP8UUCI"}, 2023-02-13 08:29:21, ?, event, 9874dd48-d891-4e99-837d-968da4594e2a), (9874dd48-e440-4d82-b874-8218aa63023d, {"command":"optimize:clear","exit_code":0,"arguments":{"command":"optimize:clear"},"options":{"help":false,"quiet":false,"verbose":false,"version":false,"ansi":null,"no-interaction":false,"env":null},"hostname":"DESKTOP-EP8UUCI"}, 2023-02-13 08:29:21, ?, command, 9874dd48-e3f6-4501-b37d-1ed6b23621f3)) {"exception":"[object] (Illuminate\\Database\\QueryException(code: 1045): SQLSTATE[HY000] [1045] Access denied for user 'akasidig_local'@'localhost' (using password: YES) (SQL: insert into `telescope_entries` (`batch_id`, `content`, `created_at`, `family_hash`, `type`, `uuid`) values (9874dd48-e440-4d82-b874-8218aa63023d, {\"name\":\"cache:clearing\",\"payload\":[null,[]],\"listeners\":[],\"broadcast\":false,\"hostname\":\"DESKTOP-EP8UUCI\"}, 2023-02-13 08:29:21, ?, event, 9874dd48-d891-4e99-837d-968da4594e2a), (9874dd48-e440-4d82-b874-8218aa63023d, {\"command\":\"optimize:clear\",\"exit_code\":0,\"arguments\":{\"command\":\"optimize:clear\"},\"options\":{\"help\":false,\"quiet\":false,\"verbose\":false,\"version\":false,\"ansi\":null,\"no-interaction\":false,\"env\":null},\"hostname\":\"DESKTOP-EP8UUCI\"}, 2023-02-13 08:29:21, ?, command, 9874dd48-e3f6-4501-b37d-1ed6b23621f3)) at C:\\Users\\HP\\Music\\PNUD_Digitalisation\\vendor\\laravel\\framework\\src\\Illuminate\\Database\\Connection.php:703)
[stacktrace]
#0 C:\\Users\\HP\\Music\\PNUD_Digitalisation\\vendor\\laravel\\framework\\src\\Illuminate\\Database\\Connection.php(663): Illuminate\\Database\\Connection->runQueryCallback('insert into `te...', Array, Object(Closure))
#1 C:\\Users\\HP\\Music\\PNUD_Digitalisation\\vendor\\laravel\\framework\\src\\Illuminate\\Database\\Connection.php(493): Illuminate\\Database\\Connection->run('insert into `te...', Array, Object(Closure))
#2 C:\\Users\\HP\\Music\\PNUD_Digitalisation\\vendor\\laravel\\framework\\src\\Illuminate\\Database\\Connection.php(445): Illuminate\\Database\\Connection->statement('insert into `te...', Array)
#3 C:\\Users\\HP\\Music\\PNUD_Digitalisation\\vendor\\laravel\\framework\\src\\Illuminate\\Database\\Query\\Builder.php(2918): Illuminate\\Database\\Connection->insert('insert into `te...', Array)
#4 C:\\Users\\HP\\Music\\PNUD_Digitalisation\\vendor\\laravel\\telescope\\src\\Storage\\DatabaseEntriesRepository.php(148): Illuminate\\Database\\Query\\Builder->insert(Array)
#5 C:\\Users\\HP\\Music\\PNUD_Digitalisation\\vendor\\laravel\\framework\\src\\Illuminate\\Collections\\Traits\\EnumeratesValues.php(242): Laravel\\Telescope\\Storage\\DatabaseEntriesRepository->Laravel\\Telescope\\Storage\\{closure}(Object(Illuminate\\Support\\Collection), 0)
#6 C:\\Users\\HP\\Music\\PNUD_Digitalisation\\vendor\\laravel\\telescope\\src\\Storage\\DatabaseEntriesRepository.php(149): Illuminate\\Support\\Collection->each(Object(Closure))
#7 C:\\Users\\HP\\Music\\PNUD_Digitalisation\\vendor\\laravel\\telescope\\src\\Telescope.php(660): Laravel\\Telescope\\Storage\\DatabaseEntriesRepository->store(Object(Illuminate\\Support\\Collection))
#8 [internal function]: Laravel\\Telescope\\Telescope::Laravel\\Telescope\\{closure}()
#9 C:\\Users\\HP\\Music\\PNUD_Digitalisation\\vendor\\laravel\\telescope\\src\\Telescope.php(281): call_user_func(Object(Closure))
#10 C:\\Users\\HP\\Music\\PNUD_Digitalisation\\vendor\\laravel\\telescope\\src\\Telescope.php(671): Laravel\\Telescope\\Telescope::withoutRecording(Object(Closure))
#11 C:\\Users\\HP\\Music\\PNUD_Digitalisation\\vendor\\laravel\\telescope\\src\\ListensForStorageOpportunities.php(65): Laravel\\Telescope\\Telescope::store(Object(Laravel\\Telescope\\Storage\\DatabaseEntriesRepository))
#12 C:\\Users\\HP\\Music\\PNUD_Digitalisation\\vendor\\laravel\\framework\\src\\Illuminate\\Container\\BoundMethod.php(36): Laravel\\Telescope\\Telescope::Laravel\\Telescope\\{closure}()
#13 C:\\Users\\HP\\Music\\PNUD_Digitalisation\\vendor\\laravel\\framework\\src\\Illuminate\\Container\\Util.php(40): Illuminate\\Container\\BoundMethod::Illuminate\\Container\\{closure}()
#14 C:\\Users\\HP\\Music\\PNUD_Digitalisation\\vendor\\laravel\\framework\\src\\Illuminate\\Container\\BoundMethod.php(81): Illuminate\\Container\\Util::unwrapIfClosure(Object(Closure))
#15 C:\\Users\\HP\\Music\\PNUD_Digitalisation\\vendor\\laravel\\framework\\src\\Illuminate\\Container\\BoundMethod.php(37): Illuminate\\Container\\BoundMethod::callBoundMethod(Object(Illuminate\\Foundation\\Application), Object(Closure), Object(Closure))
#16 C:\\Users\\HP\\Music\\PNUD_Digitalisation\\vendor\\laravel\\framework\\src\\Illuminate\\Container\\Container.php(653): Illuminate\\Container\\BoundMethod::call(Object(Illuminate\\Foundation\\Application), Object(Closure), Array, NULL)
#17 C:\\Users\\HP\\Music\\PNUD_Digitalisation\\vendor\\laravel\\framework\\src\\Illuminate\\Foundation\\Application.php(1148): Illuminate\\Container\\Container->call(Object(Closure))
#18 C:\\Users\\HP\\Music\\PNUD_Digitalisation\\vendor\\laravel\\framework\\src\\Illuminate\\Foundation\\Console\\Kernel.php(148): Illuminate\\Foundation\\Application->terminate()
#19 C:\\Users\\HP\\Music\\PNUD_Digitalisation\\artisan(51): Illuminate\\Foundation\\Console\\Kernel->terminate(Object(Symfony\\Component\\Console\\Input\\ArgvInput), 0)
#20 {main}

[previous exception] [object] (PDOException(code: 1045): SQLSTATE[HY000] [1045] Access denied for user 'akasidig_local'@'localhost' (using password: YES) at C:\\Users\\HP\\Music\\PNUD_Digitalisation\\vendor\\laravel\\framework\\src\\Illuminate\\Database\\Connectors\\Connector.php:70)
[stacktrace]
#0 C:\\Users\\HP\\Music\\PNUD_Digitalisation\\vendor\\laravel\\framework\\src\\Illuminate\\Database\\Connectors\\Connector.php(70): PDO->__construct('mysql:host=127....', 'akasidig_local', 'Ah^7o(?xj4N2', Array)
#1 C:\\Users\\HP\\Music\\PNUD_Digitalisation\\vendor\\laravel\\framework\\src\\Illuminate\\Database\\Connectors\\Connector.php(46): Illuminate\\Database\\Connectors\\Connector->createPdoConnection('mysql:host=127....', 'akasidig_local', 'Ah^7o(?xj4N2', Array)
#2 C:\\Users\\HP\\Music\\PNUD_Digitalisation\\vendor\\laravel\\framework\\src\\Illuminate\\Database\\Connectors\\MySqlConnector.php(24): Illuminate\\Database\\Connectors\\Connector->createConnection('mysql:host=127....', Array, Array)
#3 C:\\Users\\HP\\Music\\PNUD_Digitalisation\\vendor\\laravel\\framework\\src\\Illuminate\\Database\\Connectors\\ConnectionFactory.php(184): Illuminate\\Database\\Connectors\\MySqlConnector->connect(Array)
#4 [internal function]: Illuminate\\Database\\Connectors\\ConnectionFactory->Illuminate\\Database\\Connectors\\{closure}()
#5 C:\\Users\\HP\\Music\\PNUD_Digitalisation\\vendor\\laravel\\framework\\src\\Illuminate\\Database\\Connection.php(1021): call_user_func(Object(Closure))
#6 C:\\Users\\HP\\Music\\PNUD_Digitalisation\\vendor\\laravel\\framework\\src\\Illuminate\\Database\\Connection.php(486): Illuminate\\Database\\Connection->getPdo()
#7 C:\\Users\\HP\\Music\\PNUD_Digitalisation\\vendor\\laravel\\framework\\src\\Illuminate\\Database\\Connection.php(696): Illuminate\\Database\\Connection->Illuminate\\Database\\{closure}('insert into `te...', Array)
#8 C:\\Users\\HP\\Music\\PNUD_Digitalisation\\vendor\\laravel\\framework\\src\\Illuminate\\Database\\Connection.php(663): Illuminate\\Database\\Connection->runQueryCallback('insert into `te...', Array, Object(Closure))
#9 C:\\Users\\HP\\Music\\PNUD_Digitalisation\\vendor\\laravel\\framework\\src\\Illuminate\\Database\\Connection.php(493): Illuminate\\Database\\Connection->run('insert into `te...', Array, Object(Closure))
#10 C:\\Users\\HP\\Music\\PNUD_Digitalisation\\vendor\\laravel\\framework\\src\\Illuminate\\Database\\Connection.php(445): Illuminate\\Database\\Connection->statement('insert into `te...', Array)
#11 C:\\Users\\HP\\Music\\PNUD_Digitalisation\\vendor\\laravel\\framework\\src\\Illuminate\\Database\\Query\\Builder.php(2918): Illuminate\\Database\\Connection->insert('insert into `te...', Array)
#12 C:\\Users\\HP\\Music\\PNUD_Digitalisation\\vendor\\laravel\\telescope\\src\\Storage\\DatabaseEntriesRepository.php(148): Illuminate\\Database\\Query\\Builder->insert(Array)
#13 C:\\Users\\HP\\Music\\PNUD_Digitalisation\\vendor\\laravel\\framework\\src\\Illuminate\\Collections\\Traits\\EnumeratesValues.php(242): Laravel\\Telescope\\Storage\\DatabaseEntriesRepository->Laravel\\Telescope\\Storage\\{closure}(Object(Illuminate\\Support\\Collection), 0)
#14 C:\\Users\\HP\\Music\\PNUD_Digitalisation\\vendor\\laravel\\telescope\\src\\Storage\\DatabaseEntriesRepository.php(149): Illuminate\\Support\\Collection->each(Object(Closure))
#15 C:\\Users\\HP\\Music\\PNUD_Digitalisation\\vendor\\laravel\\telescope\\src\\Telescope.php(660): Laravel\\Telescope\\Storage\\DatabaseEntriesRepository->store(Object(Illuminate\\Support\\Collection))
#16 [internal function]: Laravel\\Telescope\\Telescope::Laravel\\Telescope\\{closure}()
#17 C:\\Users\\HP\\Music\\PNUD_Digitalisation\\vendor\\laravel\\telescope\\src\\Telescope.php(281): call_user_func(Object(Closure))
#18 C:\\Users\\HP\\Music\\PNUD_Digitalisation\\vendor\\laravel\\telescope\\src\\Telescope.php(671): Laravel\\Telescope\\Telescope::withoutRecording(Object(Closure))
#19 C:\\Users\\HP\\Music\\PNUD_Digitalisation\\vendor\\laravel\\telescope\\src\\ListensForStorageOpportunities.php(65): Laravel\\Telescope\\Telescope::store(Object(Laravel\\Telescope\\Storage\\DatabaseEntriesRepository))
#20 C:\\Users\\HP\\Music\\PNUD_Digitalisation\\vendor\\laravel\\framework\\src\\Illuminate\\Container\\BoundMethod.php(36): Laravel\\Telescope\\Telescope::Laravel\\Telescope\\{closure}()
#21 C:\\Users\\HP\\Music\\PNUD_Digitalisation\\vendor\\laravel\\framework\\src\\Illuminate\\Container\\Util.php(40): Illuminate\\Container\\BoundMethod::Illuminate\\Container\\{closure}()
#22 C:\\Users\\HP\\Music\\PNUD_Digitalisation\\vendor\\laravel\\framework\\src\\Illuminate\\Container\\BoundMethod.php(81): Illuminate\\Container\\Util::unwrapIfClosure(Object(Closure))
#23 C:\\Users\\HP\\Music\\PNUD_Digitalisation\\vendor\\laravel\\framework\\src\\Illuminate\\Container\\BoundMethod.php(37): Illuminate\\Container\\BoundMethod::callBoundMethod(Object(Illuminate\\Foundation\\Application), Object(Closure), Object(Closure))
#24 C:\\Users\\HP\\Music\\PNUD_Digitalisation\\vendor\\laravel\\framework\\src\\Illuminate\\Container\\Container.php(653): Illuminate\\Container\\BoundMethod::call(Object(Illuminate\\Foundation\\Application), Object(Closure), Array, NULL)
#25 C:\\Users\\HP\\Music\\PNUD_Digitalisation\\vendor\\laravel\\framework\\src\\Illuminate\\Foundation\\Application.php(1148): Illuminate\\Container\\Container->call(Object(Closure))
#26 C:\\Users\\HP\\Music\\PNUD_Digitalisation\\vendor\\laravel\\framework\\src\\Illuminate\\Foundation\\Console\\Kernel.php(148): Illuminate\\Foundation\\Application->terminate()
#27 C:\\Users\\HP\\Music\\PNUD_Digitalisation\\artisan(51): Illuminate\\Foundation\\Console\\Kernel->terminate(Object(Symfony\\Component\\Console\\Input\\ArgvInput), 0)
#28 {main}
"} 
